\BOOKMARK [0][-]{title.0}{Titlepage}{}% 1
\BOOKMARK [0][-]{declaration.0}{Declaration}{}% 2
\BOOKMARK [0][-]{contents.0}{Contents}{}% 3
\BOOKMARK [0][-]{figures.0}{List of figures}{}% 4
\BOOKMARK [0][-]{chapter.1}{1 Introduction}{}% 5
\BOOKMARK [1][-]{section.1.1}{1.1 Motivation}{chapter.1}% 6
\BOOKMARK [1][-]{section.1.2}{1.2 Information Retrieval systems}{chapter.1}% 7
\BOOKMARK [1][-]{section.1.3}{1.3 Goal and scope of work}{chapter.1}% 8
\BOOKMARK [1][-]{section.1.4}{1.4 Outline}{chapter.1}% 9
\BOOKMARK [0][-]{chapter.2}{2 Latent Semantic Analysis}{}% 10
\BOOKMARK [1][-]{section.2.1}{2.1 Information Retrieval process}{chapter.2}% 11
\BOOKMARK [1][-]{section.2.2}{2.2 Document representation}{chapter.2}% 12
\BOOKMARK [2][-]{subsection.2.2.1}{2.2.1 Vector Space Model}{section.2.2}% 13
\BOOKMARK [2][-]{subsection.2.2.2}{2.2.2 Weight functions}{section.2.2}% 14
\BOOKMARK [2][-]{subsection.2.2.3}{2.2.3 Similarity measures}{section.2.2}% 15
\BOOKMARK [1][-]{section.2.3}{2.3 Latent Semantic Analysis}{chapter.2}% 16
\BOOKMARK [1][-]{section.2.4}{2.4 Singular Value Decomposition}{chapter.2}% 17
\BOOKMARK [1][-]{section.2.5}{2.5 Querying the semantic space}{chapter.2}% 18
\BOOKMARK [1][-]{section.2.6}{2.6 Factors which influence LSA performance}{chapter.2}% 19
\BOOKMARK [0][-]{chapter.3}{3 Cluster labeling}{}% 20
\BOOKMARK [1][-]{section.3.1}{3.1 Clustering}{chapter.3}% 21
\BOOKMARK [2][-]{subsection.3.1.1}{3.1.1 Clustering algorithms}{section.3.1}% 22
\BOOKMARK [2][-]{subsection.3.1.2}{3.1.2 Clustering algorithm??}{section.3.1}% 23
\BOOKMARK [1][-]{section.3.2}{3.2 Cluster labeling}{chapter.3}% 24
\BOOKMARK [2][-]{subsection.3.2.1}{3.2.1 Formal framework for cluster labeling algorithms}{section.3.2}% 25
\BOOKMARK [2][-]{subsection.3.2.2}{3.2.2 Algorithms for cluster labeling}{section.3.2}% 26
\BOOKMARK [1][-]{section.3.3}{3.3 Cluster labeling using external knowledge}{chapter.3}% 27
\BOOKMARK [0][-]{chapter.4}{4 Tag Clouds}{}% 28
\BOOKMARK [1][-]{section.4.1}{4.1 existing implementations}{chapter.4}% 29
\BOOKMARK [1][-]{section.4.2}{4.2 use}{chapter.4}% 30
\BOOKMARK [1][-]{section.4.3}{4.3 1}{chapter.4}% 31
\BOOKMARK [1][-]{section.4.4}{4.4 Brainstorming}{chapter.4}% 32
\BOOKMARK [1][-]{section.4.5}{4.5 Tag clouds construction}{chapter.4}% 33
\BOOKMARK [0][-]{chapter.5}{5 Implementation and evaluation}{}% 34
\BOOKMARK [1][-]{section.5.1}{5.1 Measures for evaluation}{chapter.5}% 35
\BOOKMARK [2][-]{subsection.5.1.1}{5.1.1 Evaluation of LSA}{section.5.1}% 36
\BOOKMARK [2][-]{subsection.5.1.2}{5.1.2 Evaluation of algorithms for cluster labeling}{section.5.1}% 37
\BOOKMARK [1][-]{section.5.2}{5.2 LSA implementation}{chapter.5}% 38
\BOOKMARK [2][-]{subsection.5.2.1}{5.2.1 Latest development in the field of LSA}{section.5.2}% 39
\BOOKMARK [1][-]{section.5.3}{5.3 Tag Cloud implementation}{chapter.5}% 40
\BOOKMARK [1][-]{section.5.4}{5.4 Tools used}{chapter.5}% 41
\BOOKMARK [1][-]{section.5.5}{5.5 Advantages and drawbacks}{chapter.5}% 42
\BOOKMARK [1][-]{section.5.6}{5.6 Experimental evaluation}{chapter.5}% 43
\BOOKMARK [2][-]{subsection.5.6.1}{5.6.1 Document set}{section.5.6}% 44
\BOOKMARK [2][-]{subsection.5.6.2}{5.6.2 Cluster labeling evaluation}{section.5.6}% 45
\BOOKMARK [2][-]{subsection.5.6.3}{5.6.3 Results}{section.5.6}% 46
\BOOKMARK [1][-]{section.5.7}{5.7 LSA evaluation from IR book}{chapter.5}% 47
\BOOKMARK [0][-]{section*.15}{Acronyms}{}% 48
\BOOKMARK [0][-]{appendix.A}{A Ontology}{}% 49
\BOOKMARK [0][-]{appendix.B}{B Tag Cloud Summarizer}{}% 50
\BOOKMARK [0][-]{references.0}{Bibliography}{}% 51
